#! /usr/bin/vvp
:ivl_version "11.0 (stable)";
:ivl_delay_selection "TYPICAL";
:vpi_time_precision + 0;
:vpi_module "/usr/lib/x86_64-linux-gnu/ivl/system.vpi";
:vpi_module "/usr/lib/x86_64-linux-gnu/ivl/vhdl_sys.vpi";
:vpi_module "/usr/lib/x86_64-linux-gnu/ivl/vhdl_textio.vpi";
:vpi_module "/usr/lib/x86_64-linux-gnu/ivl/v2005_math.vpi";
:vpi_module "/usr/lib/x86_64-linux-gnu/ivl/va_math.vpi";
S_0x559ee32c6d50 .scope module, "pc" "pc" 2 1;
 .timescale 0 0;
    .port_info 0 /INPUT 1 "clk";
    .port_info 1 /INPUT 1 "rst";
    .port_info 2 /INPUT 1 "branch";
    .port_info 3 /INPUT 1 "increment";
    .port_info 4 /INPUT 16 "bra_add";
    .port_info 5 /OUTPUT 16 "address";
v0x559ee32c6fa0_0 .var "address", 15 0;
o0x7fe9bc728048 .functor BUFZ 16, C4<zzzzzzzzzzzzzzzz>; HiZ drive
v0x559ee33102a0_0 .net "bra_add", 15 0, o0x7fe9bc728048;  0 drivers
o0x7fe9bc728078 .functor BUFZ 1, C4<z>; HiZ drive
v0x559ee3310380_0 .net "branch", 0 0, o0x7fe9bc728078;  0 drivers
o0x7fe9bc7280a8 .functor BUFZ 1, C4<z>; HiZ drive
v0x559ee3310420_0 .net "clk", 0 0, o0x7fe9bc7280a8;  0 drivers
o0x7fe9bc7280d8 .functor BUFZ 1, C4<z>; HiZ drive
v0x559ee33104e0_0 .net "increment", 0 0, o0x7fe9bc7280d8;  0 drivers
o0x7fe9bc728108 .functor BUFZ 1, C4<z>; HiZ drive
v0x559ee33105f0_0 .net "rst", 0 0, o0x7fe9bc728108;  0 drivers
E_0x559ee32c7600 .event posedge, v0x559ee3310420_0;
E_0x559ee32ea9b0 .event edge, v0x559ee33105f0_0;
    .scope S_0x559ee32c6d50;
T_0 ;
    %wait E_0x559ee32ea9b0;
    %load/vec4 v0x559ee33105f0_0;
    %flag_set/vec4 8;
    %jmp/0xz  T_0.0, 8;
    %pushi/vec4 65482, 0, 16;
    %cassign/vec4 v0x559ee32c6fa0_0;
    %jmp T_0.1;
T_0.0 ;
    %deassign v0x559ee32c6fa0_0, 0, 16;
T_0.1 ;
    %jmp T_0;
    .thread T_0, $push;
    .scope S_0x559ee32c6d50;
T_1 ;
    %wait E_0x559ee32c7600;
    %load/vec4 v0x559ee3310380_0;
    %flag_set/vec4 8;
    %jmp/0xz  T_1.0, 8;
    %load/vec4 v0x559ee33102a0_0;
    %store/vec4 v0x559ee32c6fa0_0, 0, 16;
    %jmp T_1.1;
T_1.0 ;
    %load/vec4 v0x559ee33104e0_0;
    %flag_set/vec4 8;
    %jmp/0xz  T_1.2, 8;
    %load/vec4 v0x559ee32c6fa0_0;
    %addi 1, 0, 16;
    %store/vec4 v0x559ee32c6fa0_0, 0, 16;
    %jmp T_1.3;
T_1.2 ;
    %load/vec4 v0x559ee32c6fa0_0;
    %store/vec4 v0x559ee32c6fa0_0, 0, 16;
T_1.3 ;
T_1.1 ;
    %jmp T_1;
    .thread T_1;
# The file index is used to find the file name in the following table.
:file_names 3;
    "N/A";
    "<interactive>";
    "pc.v";
