#! /usr/bin/vvp
:ivl_version "11.0 (stable)";
:ivl_delay_selection "TYPICAL";
:vpi_time_precision + 0;
:vpi_module "/usr/lib/x86_64-linux-gnu/ivl/system.vpi";
:vpi_module "/usr/lib/x86_64-linux-gnu/ivl/vhdl_sys.vpi";
:vpi_module "/usr/lib/x86_64-linux-gnu/ivl/vhdl_textio.vpi";
:vpi_module "/usr/lib/x86_64-linux-gnu/ivl/v2005_math.vpi";
:vpi_module "/usr/lib/x86_64-linux-gnu/ivl/va_math.vpi";
S_0x559f080c7fd0 .scope module, "clkgen_tb" "clkgen_tb" 2 3;
 .timescale 0 0;
v0x559f080dde40_0 .var "clk", 0 0;
v0x559f080ddf00_0 .net "clk_1", 0 0, L_0x559f080ee670;  1 drivers
v0x559f080ddfd0_0 .net "clk_2", 0 0, L_0x559f080eec80;  1 drivers
v0x559f080de0d0_0 .var "rst", 0 0;
S_0x559f080c8160 .scope module, "cg" "clk_gen" 2 7, 3 1 0, S_0x559f080c7fd0;
 .timescale 0 0;
    .port_info 0 /INPUT 1 "clk";
    .port_info 1 /INPUT 1 "rst";
    .port_info 2 /OUTPUT 1 "clk_1";
    .port_info 3 /OUTPUT 1 "clk_2";
v0x559f080c83b0_0 .net *"_ivl_0", 31 0, L_0x559f080de1a0;  1 drivers
L_0x7f575c7c20f0 .functor BUFT 1, C4<00>, C4<0>, C4<0>, C4<0>;
v0x559f080dce60_0 .net/2s *"_ivl_10", 1 0, L_0x7f575c7c20f0;  1 drivers
v0x559f080dcf40_0 .net *"_ivl_12", 1 0, L_0x559f080ee4b0;  1 drivers
v0x559f080dd030_0 .net *"_ivl_16", 31 0, L_0x559f080ee7e0;  1 drivers
L_0x7f575c7c2138 .functor BUFT 1, C4<000000000000000000000000000000>, C4<0>, C4<0>, C4<0>;
v0x559f080dd110_0 .net *"_ivl_19", 29 0, L_0x7f575c7c2138;  1 drivers
L_0x7f575c7c2180 .functor BUFT 1, C4<00000000000000000000000000000010>, C4<0>, C4<0>, C4<0>;
v0x559f080dd240_0 .net/2u *"_ivl_20", 31 0, L_0x7f575c7c2180;  1 drivers
v0x559f080dd320_0 .net *"_ivl_22", 0 0, L_0x559f080ee970;  1 drivers
L_0x7f575c7c21c8 .functor BUFT 1, C4<01>, C4<0>, C4<0>, C4<0>;
v0x559f080dd3e0_0 .net/2s *"_ivl_24", 1 0, L_0x7f575c7c21c8;  1 drivers
L_0x7f575c7c2210 .functor BUFT 1, C4<00>, C4<0>, C4<0>, C4<0>;
v0x559f080dd4c0_0 .net/2s *"_ivl_26", 1 0, L_0x7f575c7c2210;  1 drivers
v0x559f080dd5a0_0 .net *"_ivl_28", 1 0, L_0x559f080eeaf0;  1 drivers
L_0x7f575c7c2018 .functor BUFT 1, C4<000000000000000000000000000000>, C4<0>, C4<0>, C4<0>;
v0x559f080dd680_0 .net *"_ivl_3", 29 0, L_0x7f575c7c2018;  1 drivers
L_0x7f575c7c2060 .functor BUFT 1, C4<00000000000000000000000000000000>, C4<0>, C4<0>, C4<0>;
v0x559f080dd760_0 .net/2u *"_ivl_4", 31 0, L_0x7f575c7c2060;  1 drivers
v0x559f080dd840_0 .net *"_ivl_6", 0 0, L_0x559f080ee310;  1 drivers
L_0x7f575c7c20a8 .functor BUFT 1, C4<01>, C4<0>, C4<0>, C4<0>;
v0x559f080dd900_0 .net/2s *"_ivl_8", 1 0, L_0x7f575c7c20a8;  1 drivers
v0x559f080dd9e0_0 .net "clk", 0 0, v0x559f080dde40_0;  1 drivers
v0x559f080ddaa0_0 .net "clk_1", 0 0, L_0x559f080ee670;  alias, 1 drivers
v0x559f080ddb60_0 .net "clk_2", 0 0, L_0x559f080eec80;  alias, 1 drivers
v0x559f080ddc20_0 .var "counter", 1 0;
v0x559f080ddd00_0 .net "rst", 0 0, v0x559f080de0d0_0;  1 drivers
E_0x559f080c6d70 .event posedge, v0x559f080ddd00_0, v0x559f080dd9e0_0;
L_0x559f080de1a0 .concat [ 2 30 0 0], v0x559f080ddc20_0, L_0x7f575c7c2018;
L_0x559f080ee310 .cmp/eq 32, L_0x559f080de1a0, L_0x7f575c7c2060;
L_0x559f080ee4b0 .functor MUXZ 2, L_0x7f575c7c20f0, L_0x7f575c7c20a8, L_0x559f080ee310, C4<>;
L_0x559f080ee670 .part L_0x559f080ee4b0, 0, 1;
L_0x559f080ee7e0 .concat [ 2 30 0 0], v0x559f080ddc20_0, L_0x7f575c7c2138;
L_0x559f080ee970 .cmp/eq 32, L_0x559f080ee7e0, L_0x7f575c7c2180;
L_0x559f080eeaf0 .functor MUXZ 2, L_0x7f575c7c2210, L_0x7f575c7c21c8, L_0x559f080ee970, C4<>;
L_0x559f080eec80 .part L_0x559f080eeaf0, 0, 1;
    .scope S_0x559f080c8160;
T_0 ;
    %wait E_0x559f080c6d70;
    %load/vec4 v0x559f080ddd00_0;
    %flag_set/vec4 8;
    %jmp/0xz  T_0.0, 8;
    %pushi/vec4 0, 0, 2;
    %store/vec4 v0x559f080ddc20_0, 0, 2;
    %jmp T_0.1;
T_0.0 ;
    %load/vec4 v0x559f080ddc20_0;
    %addi 1, 0, 2;
    %store/vec4 v0x559f080ddc20_0, 0, 2;
T_0.1 ;
    %jmp T_0;
    .thread T_0;
    .scope S_0x559f080c7fd0;
T_1 ;
    %delay 5, 0;
    %load/vec4 v0x559f080dde40_0;
    %inv;
    %store/vec4 v0x559f080dde40_0, 0, 1;
    %jmp T_1;
    .thread T_1;
    .scope S_0x559f080c7fd0;
T_2 ;
    %vpi_call 2 10 "$dumpfile", "clkgen.vcd" {0 0 0};
    %vpi_call 2 11 "$dumpvars", 32'sb00000000000000000000000000000001, S_0x559f080c8160 {0 0 0};
    %pushi/vec4 0, 0, 1;
    %store/vec4 v0x559f080dde40_0, 0, 1;
    %delay 2, 0;
    %pushi/vec4 1, 0, 1;
    %store/vec4 v0x559f080de0d0_0, 0, 1;
    %delay 15, 0;
    %pushi/vec4 0, 0, 1;
    %store/vec4 v0x559f080de0d0_0, 0, 1;
    %delay 100, 0;
    %vpi_call 2 18 "$finish" {0 0 0};
    %end;
    .thread T_2;
# The file index is used to find the file name in the following table.
:file_names 4;
    "N/A";
    "<interactive>";
    "clkgen_tb.v";
    "./clk_gen.v";
